# JRE version: OpenJDK Runtime Environment (11.0.2+9) (build 11.0.2+9)
# Java VM: OpenJDK 64-Bit Server VM (11.0.2+9, mixed mode, tiered, compressed oops, g1 gc, windows-amd64)
Heap:
 garbage-first heap   total 96256K, used 55424K [0x0000000080000000, 0x0000000100000000)
  region size 1024K, 38 young (38912K), 4 survivors (4096K)
 Metaspace       used 31746K, capacity 32522K, committed 32688K, reserved 544768K
  class space    used 4231K, capacity 4542K, committed 4608K, reserved 516096K
GC Heap History (10 events):
Event: 11.742 GC heap before
{Heap before GC invocations=2 (full 0):
 garbage-first heap   total 96256K, used 46304K [0x0000000080000000, 0x0000000100000000)
  region size 1024K, 35 young (35840K), 1 survivors (1024K)
 Metaspace       used 12284K, capacity 12550K, committed 12800K, reserved 528384K
  class space    used 1342K, capacity 1443K, committed 1536K, reserved 516096K
}
Event: 11.756 GC heap after
{Heap after GC invocations=3 (full 0):
 garbage-first heap   total 96256K, used 16366K [0x0000000080000000, 0x0000000100000000)
  region size 1024K, 5 young (5120K), 5 survivors (5120K)
 Metaspace       used 12284K, capacity 12550K, committed 12800K, reserved 528384K
  class space    used 1342K, capacity 1443K, committed 1536K, reserved 516096K
}
Event: 16.247 GC heap before
{Heap before GC invocations=3 (full 0):
 garbage-first heap   total 96256K, used 54254K [0x0000000080000000, 0x0000000100000000)
  region size 1024K, 42 young (43008K), 5 survivors (5120K)
 Metaspace       used 20384K, capacity 20839K, committed 21120K, reserved 534528K
  class space    used 2455K, capacity 2639K, committed 2688K, reserved 516096K
}
Event: 16.255 GC heap after
{Heap after GC invocations=4 (full 0):
 garbage-first heap   total 96256K, used 18624K [0x0000000080000000, 0x0000000100000000)
  region size 1024K, 3 young (3072K), 3 survivors (3072K)
 Metaspace       used 20384K, capacity 20839K, committed 21120K, reserved 534528K
  class space    used 2455K, capacity 2639K, committed 2688K, reserved 516096K
}
Event: 16.383 GC heap before
{Heap before GC invocations=4 (full 0):
 garbage-first heap   total 96256K, used 21696K [0x0000000080000000, 0x0000000100000000)
  region size 1024K, 7 young (7168K), 3 survivors (3072K)
 Metaspace       used 20794K, capacity 21218K, committed 21296K, reserved 536576K
  class space    used 2512K, capacity 2682K, committed 2688K, reserved 516096K
}
Event: 16.389 GC heap after
{Heap after GC invocations=5 (full 0):
 garbage-first heap   total 96256K, used 18729K [0x0000000080000000, 0x0000000100000000)
  region size 1024K, 3 young (3072K), 3 survivors (3072K)
 Metaspace       used 20794K, capacity 21218K, committed 21296K, reserved 536576K
  class space    used 2512K, capacity 2682K, committed 2688K, reserved 516096K
}
Event: 26.925 GC heap before
{Heap before GC invocations=6 (full 0):
 garbage-first heap   total 96256K, used 58665K [0x0000000080000000, 0x0000000100000000)
  region size 1024K, 42 young (43008K), 3 survivors (3072K)
 Metaspace       used 24540K, capacity 25093K, committed 25264K, reserved 538624K
  class space    used 3107K, capacity 3315K, committed 3328K, reserved 516096K
}
Event: 27.000 GC heap after
{Heap after GC invocations=7 (full 0):
 garbage-first heap   total 96256K, used 20110K [0x0000000080000000, 0x0000000100000000)
  region size 1024K, 4 young (4096K), 4 survivors (4096K)
 Metaspace       used 24540K, capacity 25093K, committed 25264K, reserved 538624K
  class space    used 3107K, capacity 3315K, committed 3328K, reserved 516096K
}
Event: 36.261 GC heap before
{Heap before GC invocations=7 (full 0):
 garbage-first heap   total 96256K, used 64142K [0x0000000080000000, 0x0000000100000000)
  region size 1024K, 47 young (48128K), 4 survivors (4096K)
 Metaspace       used 28498K, capacity 29174K, committed 29360K, reserved 542720K
  class space    used 3734K, capacity 4022K, committed 4096K, reserved 516096K
}
Event: 36.370 GC heap after
{Heap after GC invocations=8 (full 0):
 garbage-first heap   total 96256K, used 21632K [0x0000000080000000, 0x0000000100000000)
  region size 1024K, 4 young (4096K), 4 survivors (4096K)
 Metaspace       used 28498K, capacity 29174K, committed 29360K, reserved 542720K
  class space    used 3734K, capacity 4022K, committed 4096K, reserved 516096K
}

