# JRE version: OpenJDK Runtime Environment (11.0.2+9) (build 11.0.2+9)
# Java VM: OpenJDK 64-Bit Server VM (11.0.2+9, mixed mode, tiered, compressed oops, g1 gc, windows-amd64)
Heap:
 garbage-first heap   total 96256K, used 49439K [0x0000000080000000, 0x0000000100000000)
  region size 1024K, 34 young (34816K), 6 survivors (6144K)
 Metaspace       used 32421K, capacity 33162K, committed 33200K, reserved 546816K
  class space    used 4312K, capacity 4606K, committed 4608K, reserved 516096K
GC Heap History (10 events):
Event: 7.220 GC heap before
{Heap before GC invocations=1 (full 0):
 garbage-first heap   total 96256K, used 33164K [0x0000000080000000, 0x0000000100000000)
  region size 1024K, 25 young (25600K), 3 survivors (3072K)
 Metaspace       used 10856K, capacity 11071K, committed 11264K, reserved 526336K
  class space    used 1129K, capacity 1206K, committed 1280K, reserved 516096K
}
Event: 7.228 GC heap after
{Heap after GC invocations=2 (full 0):
 garbage-first heap   total 96256K, used 11288K [0x0000000080000000, 0x0000000100000000)
  region size 1024K, 1 young (1024K), 1 survivors (1024K)
 Metaspace       used 10856K, capacity 11071K, committed 11264K, reserved 526336K
  class space    used 1129K, capacity 1206K, committed 1280K, reserved 516096K
}
Event: 11.949 GC heap before
{Heap before GC invocations=2 (full 0):
 garbage-first heap   total 96256K, used 50200K [0x0000000080000000, 0x0000000100000000)
  region size 1024K, 39 young (39936K), 1 survivors (1024K)
 Metaspace       used 13215K, capacity 13520K, committed 13696K, reserved 528384K
  class space    used 1453K, capacity 1556K, committed 1664K, reserved 516096K
}
Event: 11.963 GC heap after
{Heap after GC invocations=3 (full 0):
 garbage-first heap   total 96256K, used 16410K [0x0000000080000000, 0x0000000100000000)
  region size 1024K, 5 young (5120K), 5 survivors (5120K)
 Metaspace       used 13215K, capacity 13520K, committed 13696K, reserved 528384K
  class space    used 1453K, capacity 1556K, committed 1664K, reserved 516096K
}
Event: 16.282 GC heap before
{Heap before GC invocations=3 (full 0):
 garbage-first heap   total 96256K, used 54298K [0x0000000080000000, 0x0000000100000000)
  region size 1024K, 43 young (44032K), 5 survivors (5120K)
 Metaspace       used 20782K, capacity 21218K, committed 21296K, reserved 536576K
  class space    used 2512K, capacity 2682K, committed 2688K, reserved 516096K
}
Event: 16.306 GC heap after
{Heap after GC invocations=4 (full 0):
 garbage-first heap   total 96256K, used 18620K [0x0000000080000000, 0x0000000100000000)
  region size 1024K, 3 young (3072K), 3 survivors (3072K)
 Metaspace       used 20782K, capacity 21218K, committed 21296K, reserved 536576K
  class space    used 2512K, capacity 2682K, committed 2688K, reserved 516096K
}
Event: 26.533 GC heap before
{Heap before GC invocations=5 (full 0):
 garbage-first heap   total 96256K, used 59580K [0x0000000080000000, 0x0000000100000000)
  region size 1024K, 43 young (44032K), 3 survivors (3072K)
 Metaspace       used 24624K, capacity 25258K, committed 25392K, reserved 538624K
  class space    used 3122K, capacity 3349K, committed 3456K, reserved 516096K
}
Event: 26.540 GC heap after
{Heap after GC invocations=6 (full 0):
 garbage-first heap   total 96256K, used 20080K [0x0000000080000000, 0x0000000100000000)
  region size 1024K, 4 young (4096K), 4 survivors (4096K)
 Metaspace       used 24624K, capacity 25258K, committed 25392K, reserved 538624K
  class space    used 3122K, capacity 3349K, committed 3456K, reserved 516096K
}
Event: 37.032 GC heap before
{Heap before GC invocations=6 (full 0):
 garbage-first heap   total 96256K, used 71280K [0x0000000080000000, 0x0000000100000000)
  region size 1024K, 54 young (55296K), 4 survivors (4096K)
 Metaspace       used 29470K, capacity 30252K, committed 30512K, reserved 542720K
  class space    used 3879K, capacity 4168K, committed 4224K, reserved 516096K
}
Event: 37.037 GC heap after
{Heap after GC invocations=7 (full 0):
 garbage-first heap   total 96256K, used 21791K [0x0000000080000000, 0x0000000100000000)
  region size 1024K, 6 young (6144K), 6 survivors (6144K)
 Metaspace       used 29470K, capacity 30252K, committed 30512K, reserved 542720K
  class space    used 3879K, capacity 4168K, committed 4224K, reserved 516096K
}

