# JRE version: OpenJDK Runtime Environment (11.0.2+9) (build 11.0.2+9)
# Java VM: OpenJDK 64-Bit Server VM (11.0.2+9, mixed mode, tiered, compressed oops, g1 gc, windows-amd64)
Heap:
 garbage-first heap   total 172032K, used 68664K [0x0000000080000000, 0x0000000100000000)
  region size 1024K, 51 young (52224K), 3 survivors (3072K)
 Metaspace       used 32431K, capacity 33226K, committed 33456K, reserved 546816K
  class space    used 4310K, capacity 4606K, committed 4608K, reserved 516096K
GC Heap History (10 events):
Event: 10.763 GC heap before
{Heap before GC invocations=2 (full 0):
 garbage-first heap   total 96256K, used 48758K [0x0000000080000000, 0x0000000100000000)
  region size 1024K, 38 young (38912K), 1 survivors (1024K)
 Metaspace       used 11718K, capacity 11962K, committed 12160K, reserved 528384K
  class space    used 1292K, capacity 1375K, committed 1408K, reserved 516096K
}
Event: 10.791 GC heap after
{Heap after GC invocations=3 (full 0):
 garbage-first heap   total 96256K, used 15334K [0x0000000080000000, 0x0000000100000000)
  region size 1024K, 5 young (5120K), 5 survivors (5120K)
 Metaspace       used 11718K, capacity 11962K, committed 12160K, reserved 528384K
  class space    used 1292K, capacity 1375K, committed 1408K, reserved 516096K
}
Event: 16.556 GC heap before
{Heap before GC invocations=3 (full 0):
 garbage-first heap   total 96256K, used 56294K [0x0000000080000000, 0x0000000100000000)
  region size 1024K, 45 young (46080K), 5 survivors (5120K)
 Metaspace       used 20789K, capacity 21218K, committed 21296K, reserved 536576K
  class space    used 2509K, capacity 2682K, committed 2688K, reserved 516096K
}
Event: 17.263 GC heap after
{Heap after GC invocations=4 (full 0):
 garbage-first heap   total 96256K, used 18072K [0x0000000080000000, 0x0000000100000000)
  region size 1024K, 3 young (3072K), 3 survivors (3072K)
 Metaspace       used 20789K, capacity 21218K, committed 21296K, reserved 536576K
  class space    used 2509K, capacity 2682K, committed 2688K, reserved 516096K
}
Event: 17.264 GC heap before
{Heap before GC invocations=4 (full 0):
 garbage-first heap   total 96256K, used 18072K [0x0000000080000000, 0x0000000100000000)
  region size 1024K, 4 young (4096K), 3 survivors (3072K)
 Metaspace       used 20793K, capacity 21218K, committed 21296K, reserved 536576K
  class space    used 2509K, capacity 2682K, committed 2688K, reserved 516096K
}
Event: 17.268 GC heap after
{Heap after GC invocations=5 (full 0):
 garbage-first heap   total 96256K, used 18110K [0x0000000080000000, 0x0000000100000000)
  region size 1024K, 3 young (3072K), 3 survivors (3072K)
 Metaspace       used 20793K, capacity 21218K, committed 21296K, reserved 536576K
  class space    used 2509K, capacity 2682K, committed 2688K, reserved 516096K
}
Event: 26.091 GC heap before
{Heap before GC invocations=6 (full 0):
 garbage-first heap   total 96256K, used 51902K [0x0000000080000000, 0x0000000100000000)
  region size 1024K, 37 young (37888K), 3 survivors (3072K)
 Metaspace       used 24135K, capacity 24702K, committed 25008K, reserved 538624K
  class space    used 3045K, capacity 3271K, committed 3328K, reserved 516096K
}
Event: 26.214 GC heap after
{Heap after GC invocations=7 (full 0):
 garbage-first heap   total 96256K, used 19245K [0x0000000080000000, 0x0000000100000000)
  region size 1024K, 2 young (2048K), 2 survivors (2048K)
 Metaspace       used 24135K, capacity 24702K, committed 25008K, reserved 538624K
  class space    used 3045K, capacity 3271K, committed 3328K, reserved 516096K
}
Event: 31.050 GC heap before
{Heap before GC invocations=7 (full 0):
 garbage-first heap   total 96256K, used 56109K [0x0000000080000000, 0x0000000100000000)
  region size 1024K, 38 young (38912K), 2 survivors (2048K)
 Metaspace       used 27710K, capacity 28344K, committed 28464K, reserved 540672K
  class space    used 3601K, capacity 3872K, committed 3968K, reserved 516096K
}
Event: 31.079 GC heap after
{Heap after GC invocations=8 (full 0):
 garbage-first heap   total 172032K, used 20536K [0x0000000080000000, 0x0000000100000000)
  region size 1024K, 3 young (3072K), 3 survivors (3072K)
 Metaspace       used 27710K, capacity 28344K, committed 28464K, reserved 540672K
  class space    used 3601K, capacity 3872K, committed 3968K, reserved 516096K
}

