# JRE version: OpenJDK Runtime Environment (11.0.2+9) (build 11.0.2+9)
# Java VM: OpenJDK 64-Bit Server VM (11.0.2+9, mixed mode, tiered, compressed oops, g1 gc, windows-amd64)
Heap:
 garbage-first heap   total 96256K, used 45075K [0x0000000080000000, 0x0000000100000000)
  region size 1024K, 28 young (28672K), 4 survivors (4096K)
 Metaspace       used 32394K, capacity 33158K, committed 33200K, reserved 544768K
  class space    used 4309K, capacity 4606K, committed 4608K, reserved 516096K
GC Heap History (10 events):
Event: 4.041 GC heap before
{Heap before GC invocations=0 (full 0):
 garbage-first heap   total 96256K, used 27648K [0x0000000080000000, 0x0000000100000000)
  region size 1024K, 24 young (24576K), 0 survivors (0K)
 Metaspace       used 9673K, capacity 9888K, committed 10112K, reserved 526336K
  class space    used 999K, capacity 1069K, committed 1152K, reserved 516096K
}
Event: 4.078 GC heap after
{Heap after GC invocations=1 (full 0):
 garbage-first heap   total 96256K, used 10260K [0x0000000080000000, 0x0000000100000000)
  region size 1024K, 3 young (3072K), 3 survivors (3072K)
 Metaspace       used 9673K, capacity 9888K, committed 10112K, reserved 526336K
  class space    used 999K, capacity 1069K, committed 1152K, reserved 516096K
}
Event: 9.839 GC heap before
{Heap before GC invocations=1 (full 0):
 garbage-first heap   total 96256K, used 65556K [0x0000000080000000, 0x0000000100000000)
  region size 1024K, 56 young (57344K), 3 survivors (3072K)
 Metaspace       used 11282K, capacity 11571K, committed 11904K, reserved 528384K
  class space    used 1218K, capacity 1310K, committed 1408K, reserved 516096K
}
Event: 9.861 GC heap after
{Heap after GC invocations=2 (full 0):
 garbage-first heap   total 96256K, used 15306K [0x0000000080000000, 0x0000000100000000)
  region size 1024K, 7 young (7168K), 7 survivors (7168K)
 Metaspace       used 11282K, capacity 11571K, committed 11904K, reserved 528384K
  class space    used 1218K, capacity 1310K, committed 1408K, reserved 516096K
}
Event: 16.286 GC heap before
{Heap before GC invocations=2 (full 0):
 garbage-first heap   total 96256K, used 61386K [0x0000000080000000, 0x0000000100000000)
  region size 1024K, 53 young (54272K), 7 survivors (7168K)
 Metaspace       used 20776K, capacity 21214K, committed 21296K, reserved 536576K
  class space    used 2508K, capacity 2682K, committed 2688K, reserved 516096K
}
Event: 16.314 GC heap after
{Heap after GC invocations=3 (full 0):
 garbage-first heap   total 96256K, used 18127K [0x0000000080000000, 0x0000000100000000)
  region size 1024K, 3 young (3072K), 3 survivors (3072K)
 Metaspace       used 20776K, capacity 21214K, committed 21296K, reserved 536576K
  class space    used 2508K, capacity 2682K, committed 2688K, reserved 516096K
}
Event: 28.218 GC heap before
{Heap before GC invocations=4 (full 0):
 garbage-first heap   total 96256K, used 66255K [0x0000000080000000, 0x0000000100000000)
  region size 1024K, 50 young (51200K), 3 survivors (3072K)
 Metaspace       used 24990K, capacity 25584K, committed 25648K, reserved 538624K
  class space    used 3185K, capacity 3416K, committed 3456K, reserved 516096K
}
Event: 28.334 GC heap after
{Heap after GC invocations=5 (full 0):
 garbage-first heap   total 96256K, used 19705K [0x0000000080000000, 0x0000000100000000)
  region size 1024K, 5 young (5120K), 5 survivors (5120K)
 Metaspace       used 24990K, capacity 25584K, committed 25648K, reserved 538624K
  class space    used 3185K, capacity 3416K, committed 3456K, reserved 516096K
}
Event: 37.703 GC heap before
{Heap before GC invocations=5 (full 0):
 garbage-first heap   total 96256K, used 67833K [0x0000000080000000, 0x0000000100000000)
  region size 1024K, 52 young (53248K), 5 survivors (5120K)
 Metaspace       used 29680K, capacity 30424K, committed 30512K, reserved 542720K
  class space    used 3910K, capacity 4206K, committed 4224K, reserved 516096K
}
Event: 37.739 GC heap after
{Heap after GC invocations=6 (full 0):
 garbage-first heap   total 96256K, used 21523K [0x0000000080000000, 0x0000000100000000)
  region size 1024K, 4 young (4096K), 4 survivors (4096K)
 Metaspace       used 29680K, capacity 30424K, committed 30512K, reserved 542720K
  class space    used 3910K, capacity 4206K, committed 4224K, reserved 516096K
}

