# JRE version: OpenJDK Runtime Environment (11.0.2+9) (build 11.0.2+9)
# Java VM: OpenJDK 64-Bit Server VM (11.0.2+9, mixed mode, tiered, compressed oops, g1 gc, windows-amd64)
Heap:
 garbage-first heap   total 96256K, used 43316K [0x0000000080000000, 0x0000000100000000)
  region size 1024K, 26 young (26624K), 4 survivors (4096K)
 Metaspace       used 32367K, capacity 33162K, committed 33200K, reserved 546816K
  class space    used 4310K, capacity 4606K, committed 4608K, reserved 516096K
GC Heap History (10 events):
Event: 4.110 GC heap before
{Heap before GC invocations=0 (full 0):
 garbage-first heap   total 96256K, used 27648K [0x0000000080000000, 0x0000000100000000)
  region size 1024K, 24 young (24576K), 0 survivors (0K)
 Metaspace       used 9749K, capacity 9956K, committed 10112K, reserved 526336K
  class space    used 1010K, capacity 1069K, committed 1152K, reserved 516096K
}
Event: 4.131 GC heap after
{Heap after GC invocations=1 (full 0):
 garbage-first heap   total 96256K, used 10423K [0x0000000080000000, 0x0000000100000000)
  region size 1024K, 3 young (3072K), 3 survivors (3072K)
 Metaspace       used 9749K, capacity 9956K, committed 10112K, reserved 526336K
  class space    used 1010K, capacity 1069K, committed 1152K, reserved 516096K
}
Event: 9.925 GC heap before
{Heap before GC invocations=1 (full 0):
 garbage-first heap   total 96256K, used 64695K [0x0000000080000000, 0x0000000100000000)
  region size 1024K, 56 young (57344K), 3 survivors (3072K)
 Metaspace       used 11296K, capacity 11575K, committed 11904K, reserved 528384K
  class space    used 1225K, capacity 1310K, committed 1408K, reserved 516096K
}
Event: 9.952 GC heap after
{Heap after GC invocations=2 (full 0):
 garbage-first heap   total 96256K, used 15349K [0x0000000080000000, 0x0000000100000000)
  region size 1024K, 7 young (7168K), 7 survivors (7168K)
 Metaspace       used 11296K, capacity 11575K, committed 11904K, reserved 528384K
  class space    used 1225K, capacity 1310K, committed 1408K, reserved 516096K
}
Event: 16.389 GC heap before
{Heap before GC invocations=2 (full 0):
 garbage-first heap   total 96256K, used 58357K [0x0000000080000000, 0x0000000100000000)
  region size 1024K, 51 young (52224K), 7 survivors (7168K)
 Metaspace       used 20780K, capacity 21218K, committed 21296K, reserved 536576K
  class space    used 2509K, capacity 2682K, committed 2688K, reserved 516096K
}
Event: 16.414 GC heap after
{Heap after GC invocations=3 (full 0):
 garbage-first heap   total 96256K, used 18382K [0x0000000080000000, 0x0000000100000000)
  region size 1024K, 3 young (3072K), 3 survivors (3072K)
 Metaspace       used 20780K, capacity 21218K, committed 21296K, reserved 536576K
  class space    used 2509K, capacity 2682K, committed 2688K, reserved 516096K
}
Event: 28.563 GC heap before
{Heap before GC invocations=4 (full 0):
 garbage-first heap   total 96256K, used 65486K [0x0000000080000000, 0x0000000100000000)
  region size 1024K, 49 young (50176K), 3 survivors (3072K)
 Metaspace       used 25002K, capacity 25594K, committed 25648K, reserved 538624K
  class space    used 3193K, capacity 3418K, committed 3456K, reserved 516096K
}
Event: 28.572 GC heap after
{Heap after GC invocations=5 (full 0):
 garbage-first heap   total 96256K, used 19966K [0x0000000080000000, 0x0000000100000000)
  region size 1024K, 5 young (5120K), 5 survivors (5120K)
 Metaspace       used 25002K, capacity 25594K, committed 25648K, reserved 538624K
  class space    used 3193K, capacity 3418K, committed 3456K, reserved 516096K
}
Event: 37.645 GC heap before
{Heap before GC invocations=5 (full 0):
 garbage-first heap   total 96256K, used 68094K [0x0000000080000000, 0x0000000100000000)
  region size 1024K, 52 young (53248K), 5 survivors (5120K)
 Metaspace       used 29747K, capacity 30501K, committed 30768K, reserved 542720K
  class space    used 3923K, capacity 4209K, committed 4224K, reserved 516096K
}
Event: 37.652 GC heap after
{Heap after GC invocations=6 (full 0):
 garbage-first heap   total 96256K, used 21812K [0x0000000080000000, 0x0000000100000000)
  region size 1024K, 4 young (4096K), 4 survivors (4096K)
 Metaspace       used 29747K, capacity 30501K, committed 30768K, reserved 542720K
  class space    used 3923K, capacity 4209K, committed 4224K, reserved 516096K
}

