# JRE version: OpenJDK Runtime Environment (11.0.2+9) (build 11.0.2+9)
# Java VM: OpenJDK 64-Bit Server VM (11.0.2+9, mixed mode, tiered, compressed oops, g1 gc, windows-amd64)
Heap:
 garbage-first heap   total 96256K, used 45677K [0x0000000080000000, 0x0000000100000000)
  region size 1024K, 28 young (28672K), 4 survivors (4096K)
 Metaspace       used 32395K, capacity 33098K, committed 33200K, reserved 544768K
  class space    used 4310K, capacity 4606K, committed 4608K, reserved 516096K
GC Heap History (10 events):
Event: 4.967 GC heap before
{Heap before GC invocations=0 (full 0):
 garbage-first heap   total 96256K, used 27648K [0x0000000080000000, 0x0000000100000000)
  region size 1024K, 24 young (24576K), 0 survivors (0K)
 Metaspace       used 9734K, capacity 9956K, committed 10112K, reserved 526336K
  class space    used 1008K, capacity 1069K, committed 1152K, reserved 516096K
}
Event: 4.973 GC heap after
{Heap after GC invocations=1 (full 0):
 garbage-first heap   total 96256K, used 10875K [0x0000000080000000, 0x0000000100000000)
  region size 1024K, 3 young (3072K), 3 survivors (3072K)
 Metaspace       used 9734K, capacity 9956K, committed 10112K, reserved 526336K
  class space    used 1008K, capacity 1069K, committed 1152K, reserved 516096K
}
Event: 9.640 GC heap before
{Heap before GC invocations=1 (full 0):
 garbage-first heap   total 96256K, used 66171K [0x0000000080000000, 0x0000000100000000)
  region size 1024K, 56 young (57344K), 3 survivors (3072K)
 Metaspace       used 11290K, capacity 11575K, committed 11904K, reserved 528384K
  class space    used 1217K, capacity 1310K, committed 1408K, reserved 516096K
}
Event: 9.661 GC heap after
{Heap after GC invocations=2 (full 0):
 garbage-first heap   total 96256K, used 15592K [0x0000000080000000, 0x0000000100000000)
  region size 1024K, 7 young (7168K), 7 survivors (7168K)
 Metaspace       used 11290K, capacity 11575K, committed 11904K, reserved 528384K
  class space    used 1217K, capacity 1310K, committed 1408K, reserved 516096K
}
Event: 16.061 GC heap before
{Heap before GC invocations=2 (full 0):
 garbage-first heap   total 96256K, used 61672K [0x0000000080000000, 0x0000000100000000)
  region size 1024K, 54 young (55296K), 7 survivors (7168K)
 Metaspace       used 20785K, capacity 21218K, committed 21296K, reserved 536576K
  class space    used 2509K, capacity 2682K, committed 2688K, reserved 516096K
}
Event: 16.115 GC heap after
{Heap after GC invocations=3 (full 0):
 garbage-first heap   total 96256K, used 18592K [0x0000000080000000, 0x0000000100000000)
  region size 1024K, 3 young (3072K), 3 survivors (3072K)
 Metaspace       used 20785K, capacity 21218K, committed 21296K, reserved 536576K
  class space    used 2509K, capacity 2682K, committed 2688K, reserved 516096K
}
Event: 27.429 GC heap before
{Heap before GC invocations=4 (full 0):
 garbage-first heap   total 96256K, used 65696K [0x0000000080000000, 0x0000000100000000)
  region size 1024K, 50 young (51200K), 3 survivors (3072K)
 Metaspace       used 24946K, capacity 25519K, committed 25648K, reserved 538624K
  class space    used 3179K, capacity 3415K, committed 3456K, reserved 516096K
}
Event: 27.583 GC heap after
{Heap after GC invocations=5 (full 0):
 garbage-first heap   total 96256K, used 20274K [0x0000000080000000, 0x0000000100000000)
  region size 1024K, 5 young (5120K), 5 survivors (5120K)
 Metaspace       used 24946K, capacity 25519K, committed 25648K, reserved 538624K
  class space    used 3179K, capacity 3415K, committed 3456K, reserved 516096K
}
Event: 37.309 GC heap before
{Heap before GC invocations=5 (full 0):
 garbage-first heap   total 96256K, used 69426K [0x0000000080000000, 0x0000000100000000)
  region size 1024K, 53 young (54272K), 5 survivors (5120K)
 Metaspace       used 29676K, capacity 30428K, committed 30512K, reserved 542720K
  class space    used 3912K, capacity 4206K, committed 4224K, reserved 516096K
}
Event: 37.315 GC heap after
{Heap after GC invocations=6 (full 0):
 garbage-first heap   total 96256K, used 22125K [0x0000000080000000, 0x0000000100000000)
  region size 1024K, 4 young (4096K), 4 survivors (4096K)
 Metaspace       used 29676K, capacity 30428K, committed 30512K, reserved 542720K
  class space    used 3912K, capacity 4206K, committed 4224K, reserved 516096K
}

