# JRE version: OpenJDK Runtime Environment (11.0.2+9) (build 11.0.2+9)
# Java VM: OpenJDK 64-Bit Server VM (11.0.2+9, mixed mode, tiered, compressed oops, g1 gc, windows-amd64)
Heap:
 garbage-first heap   total 96256K, used 40117K [0x0000000080000000, 0x0000000100000000)
  region size 1024K, 23 young (23552K), 4 survivors (4096K)
 Metaspace       used 32404K, capacity 33162K, committed 33200K, reserved 544768K
  class space    used 4313K, capacity 4606K, committed 4608K, reserved 516096K
GC Heap History (10 events):
Event: 9.811 GC heap before
{Heap before GC invocations=1 (full 0):
 garbage-first heap   total 96256K, used 63646K [0x0000000080000000, 0x0000000100000000)
  region size 1024K, 55 young (56320K), 3 survivors (3072K)
 Metaspace       used 11184K, capacity 11415K, committed 11520K, reserved 526336K
  class space    used 1202K, capacity 1278K, committed 1280K, reserved 516096K
}
Event: 9.832 GC heap after
{Heap after GC invocations=2 (full 0):
 garbage-first heap   total 96256K, used 15489K [0x0000000080000000, 0x0000000100000000)
  region size 1024K, 7 young (7168K), 7 survivors (7168K)
 Metaspace       used 11184K, capacity 11415K, committed 11520K, reserved 526336K
  class space    used 1202K, capacity 1278K, committed 1280K, reserved 516096K
}
Event: 16.371 GC heap before
{Heap before GC invocations=2 (full 0):
 garbage-first heap   total 96256K, used 62593K [0x0000000080000000, 0x0000000100000000)
  region size 1024K, 53 young (54272K), 7 survivors (7168K)
 Metaspace       used 20740K, capacity 21154K, committed 21296K, reserved 536576K
  class space    used 2508K, capacity 2682K, committed 2688K, reserved 516096K
}
Event: 16.386 GC heap after
{Heap after GC invocations=3 (full 0):
 garbage-first heap   total 96256K, used 18273K [0x0000000080000000, 0x0000000100000000)
  region size 1024K, 4 young (4096K), 4 survivors (4096K)
 Metaspace       used 20740K, capacity 21154K, committed 21296K, reserved 536576K
  class space    used 2508K, capacity 2682K, committed 2688K, reserved 516096K
}
Event: 19.754 GC heap before
{Heap before GC invocations=3 (full 0):
 garbage-first heap   total 96256K, used 18273K [0x0000000080000000, 0x0000000100000000)
  region size 1024K, 5 young (5120K), 4 survivors (4096K)
 Metaspace       used 20806K, capacity 21221K, committed 21296K, reserved 536576K
  class space    used 2513K, capacity 2683K, committed 2688K, reserved 516096K
}
Event: 19.761 GC heap after
{Heap after GC invocations=4 (full 0):
 garbage-first heap   total 96256K, used 18269K [0x0000000080000000, 0x0000000100000000)
  region size 1024K, 4 young (4096K), 4 survivors (4096K)
 Metaspace       used 20806K, capacity 21221K, committed 21296K, reserved 536576K
  class space    used 2513K, capacity 2683K, committed 2688K, reserved 516096K
}
Event: 27.465 GC heap before
{Heap before GC invocations=5 (full 0):
 garbage-first heap   total 96256K, used 69469K [0x0000000080000000, 0x0000000100000000)
  region size 1024K, 54 young (55296K), 4 survivors (4096K)
 Metaspace       used 25420K, capacity 26041K, committed 26288K, reserved 540672K
  class space    used 3259K, capacity 3483K, committed 3584K, reserved 516096K
}
Event: 27.537 GC heap after
{Heap after GC invocations=6 (full 0):
 garbage-first heap   total 96256K, used 19898K [0x0000000080000000, 0x0000000100000000)
  region size 1024K, 5 young (5120K), 5 survivors (5120K)
 Metaspace       used 25420K, capacity 26041K, committed 26288K, reserved 540672K
  class space    used 3259K, capacity 3483K, committed 3584K, reserved 516096K
}
Event: 37.955 GC heap before
{Heap before GC invocations=6 (full 0):
 garbage-first heap   total 96256K, used 71098K [0x0000000080000000, 0x0000000100000000)
  region size 1024K, 55 young (56320K), 5 survivors (5120K)
 Metaspace       used 30170K, capacity 30902K, committed 31152K, reserved 544768K
  class space    used 3996K, capacity 4278K, committed 4352K, reserved 516096K
}
Event: 37.997 GC heap after
{Heap after GC invocations=7 (full 0):
 garbage-first heap   total 96256K, used 21685K [0x0000000080000000, 0x0000000100000000)
  region size 1024K, 4 young (4096K), 4 survivors (4096K)
 Metaspace       used 30170K, capacity 30902K, committed 31152K, reserved 544768K
  class space    used 3996K, capacity 4278K, committed 4352K, reserved 516096K
}

